Invalid options input: -db
Reading and parsing input GenBank file...
Finding internal homologs..
Reading and parsing input GenBank file...
Finding internal homologs..
Running NCBI BLAST+ searches on GenBank database..
Blast search finished. Parsing results...
Loading GenBank positional info into memory...
Finding gene info of all hit genes...
Locating gene clusters on nucleotide scaffolds...
   Scoring Blast outputs...
   Writing TXT output file...
Writing visualization SVGs and XHTML
Writing visualization SVGs and XHTML
Invalid options input: -out
Reading and parsing input GenBank file...
Finding internal homologs..
Running NCBI BLAST+ searches on GenBank database..
Blast search finished. Parsing results...
Loading GenBank positional info into memory...
Finding gene info of all hit genes...
Locating gene clusters on nucleotide scaffolds...
   Scoring Blast outputs...
   Writing TXT output file...
Writing visualization SVGs and XHTML
Writing visualization SVGs and XHTML
